<?xml version="1.0" encoding="UTF-8"?>
<!-- Generated by org.testng.reporters.JUnitReportReporter -->
<testsuite hostname="HAT" failures="0" tests="3" name="tests.PutPatchDeleteExample" time="2.657" errors="0" timestamp="2023-10-18T17:20:45 CDT" skipped="0">
  <testcase classname="tests.PutPatchDeleteExample" name="testPut" time="0.328"/>
  <testcase classname="tests.PutPatchDeleteExample" name="testPatch" time="0.401"/>
  <testcase classname="tests.PutPatchDeleteExample" name="testDelete" time="1.928"/>
</testsuite> <!-- tests.PutPatchDeleteExample -->
