<?xml version="1.0" encoding="UTF-8"?>
<!-- Generated by org.testng.reporters.JUnitReportReporter -->
<testsuite hostname="HAT" failures="0" tests="6" name="api.test.DDUserTest" time="3.614" errors="0" timestamp="2023-10-20T23:07:27 CDT" skipped="0">
  <testcase classname="api.test.DDUserTest" name="ddCreateUser" time="0.277"/>
  <testcase classname="api.test.DDUserTest" name="ddCreateUser" time="0.260"/>
  <testcase classname="api.test.DDUserTest" name="ddCreateUser" time="2.280"/>
  <testcase classname="api.test.DDUserTest" name="ddDeleteUser" time="0.245"/>
  <testcase classname="api.test.DDUserTest" name="ddDeleteUser" time="0.304"/>
  <testcase classname="api.test.DDUserTest" name="ddDeleteUser" time="0.248"/>
</testsuite> <!-- api.test.DDUserTest -->
