<?xml version="1.0" encoding="UTF-8"?>
<!-- Generated by org.testng.reporters.JUnitReportReporter -->
<testsuite hostname="HAT" failures="0" tests="6" name="api.test.DDUserTest" time="3.918" errors="0" timestamp="2024-05-10T22:54:10 CDT" skipped="0">
  <testcase classname="api.test.DDUserTest" name="ddCreateUser" time="0.417"/>
  <testcase classname="api.test.DDUserTest" name="ddCreateUser" time="2.390"/>
  <testcase classname="api.test.DDUserTest" name="ddCreateUser" time="0.298"/>
  <testcase classname="api.test.DDUserTest" name="ddDeleteUser" time="0.233"/>
  <testcase classname="api.test.DDUserTest" name="ddDeleteUser" time="0.305"/>
  <testcase classname="api.test.DDUserTest" name="ddDeleteUser" time="0.275"/>
</testsuite> <!-- api.test.DDUserTest -->
