<?xml version="1.0" encoding="UTF-8"?>
<!-- Generated by org.testng.reporters.JUnitReportReporter -->
<testsuite hostname="HAT" failures="0" tests="1" name="tests.GetAndPostExamples" time="1.842" errors="0" timestamp="2023-10-18T17:22:09 CDT" skipped="0">
  <testcase classname="tests.GetAndPostExamples" name="testPost" time="1.842"/>
</testsuite> <!-- tests.GetAndPostExamples -->
