<?xml version="1.0" encoding="UTF-8"?>
<!-- Generated by org.testng.reporters.JUnitReportReporter -->
<testsuite hostname="HAT" failures="0" tests="2" name="tests.TestExample" time="4.403" errors="0" timestamp="2023-10-17T22:55:57 CDT" skipped="0">
  <testcase classname="tests.TestExample" name="test_1" time="2.591"/>
  <testcase classname="tests.TestExample" name="test_2" time="1.812"/>
</testsuite> <!-- tests.TestExample -->
