<?xml version="1.0" encoding="UTF-8"?>
<!-- Generated by org.testng.reporters.JUnitReportReporter -->
<testsuite hostname="HAT" failures="0" tests="3" name="tests.PutPatchDeleteExample" time="3.322" errors="0" timestamp="2023-11-28T13:24:30 CST" skipped="0">
  <testcase classname="tests.PutPatchDeleteExample" name="testDelete" time="2.533"/>
  <testcase classname="tests.PutPatchDeleteExample" name="testPut" time="0.379"/>
  <testcase classname="tests.PutPatchDeleteExample" name="testPatch" time="0.410"/>
</testsuite> <!-- tests.PutPatchDeleteExample -->
