<?xml version="1.0" encoding="UTF-8"?>
<!-- Generated by org.testng.reporters.JUnitReportReporter -->
<testsuite hostname="HAT" failures="0" tests="4" name="api.test.UserTest" time="3.957" errors="0" timestamp="2023-10-22T00:03:09 CDT" skipped="0">
  <testcase classname="api.test.UserTest" name="testCreateUser" time="2.768"/>
  <testcase classname="api.test.UserTest" name="testGetUserByName" time="0.343"/>
  <testcase classname="api.test.UserTest" name="testUpdateUser" time="0.599"/>
  <testcase classname="api.test.UserTest" name="testDeleteUser" time="0.247"/>
</testsuite> <!-- api.test.UserTest -->
