<?xml version="1.0" encoding="UTF-8"?>
<!-- Generated by org.testng.reporters.JUnitReportReporter -->
<testsuite hostname="HAT" failures="0" tests="4" name="api.test.UserTest" time="1.384" errors="0" timestamp="2023-10-24T10:04:59 CDT" skipped="0">
  <testcase classname="api.test.UserTest" name="testCreateUser" time="0.268"/>
  <testcase classname="api.test.UserTest" name="testGetUserByName" time="0.271"/>
  <testcase classname="api.test.UserTest" name="testUpdateUser" time="0.545"/>
  <testcase classname="api.test.UserTest" name="testDeleteUser" time="0.300"/>
</testsuite> <!-- api.test.UserTest -->
