<?xml version="1.0" encoding="UTF-8"?>
<!-- Generated by org.testng.reporters.JUnitReportReporter -->
<testsuite hostname="HAT" failures="0" tests="6" name="api.test.DDUserTest" time="3.541" errors="0" timestamp="2023-10-24T10:04:59 CDT" skipped="0">
  <testcase classname="api.test.DDUserTest" name="ddCreateUser" time="0.261"/>
  <testcase classname="api.test.DDUserTest" name="ddCreateUser" time="0.256"/>
  <testcase classname="api.test.DDUserTest" name="ddCreateUser" time="2.241"/>
  <testcase classname="api.test.DDUserTest" name="ddDeleteUser" time="0.232"/>
  <testcase classname="api.test.DDUserTest" name="ddDeleteUser" time="0.244"/>
  <testcase classname="api.test.DDUserTest" name="ddDeleteUser" time="0.307"/>
</testsuite> <!-- api.test.DDUserTest -->
