<?xml version="1.0" encoding="UTF-8"?>
<!-- Generated by org.testng.reporters.JUnitReportReporter -->
<testsuite hostname="HAT" failures="0" tests="2" name="tests.TestExample" time="1.052" errors="0" timestamp="2023-10-24T10:04:59 CDT" skipped="0">
  <testcase classname="tests.TestExample" name="test_1" time="0.198"/>
  <testcase classname="tests.TestExample" name="test_2" time="0.854"/>
</testsuite> <!-- tests.TestExample -->
